1 1 1
5 5 6
329085 997514 525
272759 527311 470
788549 481741 509
534 497985 449
28745 119497 354
41745 145333 375
77602 382696 443
88156 358121 443
111939 87698 354
127399 386402 443
144400 411391 449
167940 154988 383
190349 731791 509
213582 871600 525
237180 790161 509
26 36 112
246 256 110
221 231 128
486 496 142
139 149 117
222 232 128
111 121 96
338 348 126
54 64 113
406 416 134
922 926 130
643 128 144
667 65 145
711 909 179
954 14 179
537 685 145
417 643 142
399 420 134
426 619 142
830 214 171
667 257 145
628 302 144
253 102 128
448 801 171
472 535 142
786 876 179
596 72 144
684 490 145
228 823 171
718 579 171
73626 74908 325
769126 773157 393
216389 220288 355
702910 704489 349
460776 465031 444
739726 742145 393
75156 78812 351
603708 608319 403
276781 277322 252
268001 268848 270
76393 79860 351
58068 59602 273
741367 746236 349
869985 872133 432
479612 481181 413
177561 182252 365
303416 305000 340
803203 806072 375
129095 130889 344
78256 82297 338
708484 710680 380
361901 363972 361
754888 755999 362
495313 499090 351
564240 568838 421
528693 531526 377
413053 416337 374
462339 464644 338
47540 49595 296
117607 121418 336
589733 593578 403
178723 180936 365
929641 932466 370
393535 396359 405
24837 25287 264
96925 97947 297
328140 331933 353
893483 893536 264
8713 8817 216
6170 3386 238
3985 3113 238
3307 5129 238
3295 3624 194
7732 8114 252
2176 5080 238
4728 2511 238
319278 280513 389
288499 248320 407
330191 386355 441
279751 231087 407
375159 324420 441
218108 370204 443
274537 225343 443
325025 368568 441
345805 242269 407
